Arguments: 
  C:\Program Files\nodejs\node.exe C:\Program Files (x86)\Yarn\bin\yarn.js  --version

PATH: 
  C:\ProgramData\Oracle\Java\javapath;C:\Program Files\Docker\Docker\Resources\bin;C:\WINDOWS\system32;C:\WINDOWS;C:\WINDOWS\System32\Wbem;C:\WINDOWS\System32\WindowsPowerShell\v1.0\;%TFSPowerToolDir%;%BPADir%;C:\Program Files (x86)\Windows Kits\8.1\Windows Performance Toolkit\;C:\Program Files\Microsoft\Web Platform Installer\;C:\Program Files (x86)\GtkSharp\2.12\bin;C:\Program Files (x86)\Windows Kits\10\Windows Performance Toolkit\;C:\Program Files\Microsoft SQL Server\120\Tools\Binn\;C:\Program Files\Microsoft SQL Server\130\Tools\Binn\;C:\Program Files (x86)\Microsoft Emulator Manager\1.0\;C:\Program Files (x86)\WinMerge;C:\Program Files (x86)\Yarn\bin;C:\Program Files (x86)\Skype\Phone\;C:\Program Files\dotnet\;C:\Program Files\Microsoft SQL Server\Client SDK\ODBC\130\Tools\Binn\;C:\Program Files (x86)\Microsoft SQL Server\130\Tools\Binn\;C:\Program Files\Microsoft SQL Server\130\DTS\Binn\;C:\Program Files (x86)\Microsoft SQL Server\Client SDK\ODBC\130\Tools\Binn\;C:\Program Files (x86)\Microsoft SQL Server\130\DTS\Binn\;C:\Program Files (x86)\Microsoft SQL Server\130\Tools\Binn\ManagementStudio\;C:\Program Files (x86)\Microsoft SQL Server\100\Tools\Binn\;C:\Program Files\Microsoft SQL Server\100\Tools\Binn\;C:\Program Files\Microsoft SQL Server\100\DTS\Binn\;C:\Program Files (x86)\Xoreax\IncrediBuild;C:\Program Files (x86)\LINQPad5;C:\Program Files\Git\cmd;%NVM_HOME%;%NVM_SYMLINK%;C:\Users\abretova\.dnx\bin;C:\Users\abretova\AppData\Local\Microsoft\WindowsApps;C:\Users\abretova\AppData\Local\Android\sdk/platform-tools;C:\Users\abretova\AppData\Local\Yarn\.bin;C:\Program Files\Microsoft VS Code Insiders\bin;C:\Users\abretova\AppData\Local\Programs\Fiddler;C:\Program Files\Microsoft VS Code\bin;C:\Program Files\SQL Operations Studio\bin;C:\Users\abretova\AppData\Roaming\npm;C:\Users\abretova\AppData\Roaming\nvm;C:\Program Files\nodejs;C:\Program Files\Heroku\bin

Yarn version: 
  0.22.0

Node version: 
  8.9.4

Platform: 
  win32 x64

npm manifest: 
  {
    "name": "y",
    "version": "1.0.0",
    "description": "",
    "main": "index.js",
    "scripts": {
      "build": "babel ./src/js/app.js --out-file ./output/app.js"
    },
    "repository": {
      "type": "git",
      "url": "git+https://github.com/AlexeyAbretov/derrickmonitoring.git"
    },
    "author": "",
    "license": "ISC",
    "bugs": {
      "url": "https://github.com/AlexeyAbretov/derrickmonitoring/issues"
    },
    "homepage": "https://github.com/AlexeyAbretov/derrickmonitoring#readme",
    "devDependencies": {
      "babel-cli": "^6.26.0",
      "babel-core": "^6.26.0",
      "babel-plugin-transform-object-rest-spread": "^6.26.0",
      "babel-plugin-transform-runtime": "^6.23.0",
      "babel-preset-env": "^1.6.1"
    },
    "dependencies": {
      "babel-runtime": "^6.26.0"
    }
  }

yarn manifest: 
  No manifest

Lockfile: 
  No lockfile

Trace: 
  Error: Can't answer a question unless a user TTY
      at ConsoleReporter.question (C:\Program Files (x86)\Yarn\lib\reporters\console\console-reporter.js:199:29)
      at C:\Program Files (x86)\Yarn\lib\cli\commands\version.js:60:35
      at Generator.next (<anonymous>)
      at step (C:\Program Files (x86)\Yarn\node_modules\babel-runtime\helpers\asyncToGenerator.js:17:30)
      at C:\Program Files (x86)\Yarn\node_modules\babel-runtime\helpers\asyncToGenerator.js:28:13
      at <anonymous>
